2020-11-02T14:35:55.649Z INFO @wdio/local-runner: Run worker command: run
2020-11-02T14:35:55.654Z DEBUG @wdio/local-runner:utils: init remote session
2020-11-02T14:35:55.655Z INFO webdriverio: Initiate new session using the ./protocol-stub protocol
2020-11-02T14:35:55.824Z DEBUG @wdio/local-runner:utils: init remote session
2020-11-02T14:35:55.827Z INFO webdriverio: Initiate new session using the devtools protocol
2020-11-02T14:35:55.828Z INFO devtools: Launch Google Chrome with flags: --enable-automation --disable-popup-blocking --disable-extensions --disable-background-networking --disable-background-timer-throttling --disable-backgrounding-occluded-windows --disable-sync --metrics-recording-only --disable-default-apps --mute-audio --no-first-run --no-default-browser-check --disable-hang-monitor --disable-prompt-on-repost --disable-client-side-phishing-detection --password-store=basic --use-mock-keychain --disable-component-extensions-with-background-pages --disable-breakpad --disable-dev-shm-usage --disable-ipc-flooding-protection --disable-renderer-backgrounding --force-fieldtrials=*BackgroundTracing/default/ --enable-features=NetworkService,NetworkServiceInProcess --disable-features=site-per-process,TranslateUI,BlinkGenPropertyTrees --window-position=0,0 --window-size=1200,900
2020-11-02T14:35:56.442Z INFO devtools: Connect Puppeteer with browser on port 38259
2020-11-02T14:35:56.719Z INFO devtools: COMMAND navigateTo("https://test.lumen.ceek.com/login/")
2020-11-02T14:35:58.226Z INFO devtools: RESULT null
2020-11-02T14:35:58.243Z INFO devtools: COMMAND findElement("xpath", "//*[@id="si-email"]")
2020-11-02T14:35:58.253Z INFO devtools: RESULT { 'element-6066-11e4-a52e-4f735466cecf': 'ELEMENT-1' }
2020-11-02T14:35:58.267Z INFO devtools: COMMAND elementClear("ELEMENT-1")
2020-11-02T14:35:58.272Z INFO devtools: RESULT null
2020-11-02T14:35:58.277Z INFO devtools: COMMAND elementSendKeys("ELEMENT-1", "cimerej284")
2020-11-02T14:35:58.308Z INFO devtools: RESULT null
2020-11-02T14:36:00.313Z INFO devtools: COMMAND findElement("xpath", "//*[@id="si-password"]")
2020-11-02T14:36:00.321Z INFO devtools: RESULT { 'element-6066-11e4-a52e-4f735466cecf': 'ELEMENT-2' }
2020-11-02T14:36:00.332Z INFO devtools: COMMAND elementClear("ELEMENT-2")
2020-11-02T14:36:00.341Z INFO devtools: RESULT null
2020-11-02T14:36:00.346Z INFO devtools: COMMAND elementSendKeys("ELEMENT-2", "qwerty123")
2020-11-02T14:36:00.428Z INFO devtools: RESULT null
2020-11-02T14:36:02.433Z INFO devtools: COMMAND findElement("xpath", "//*[@id="login"]")
2020-11-02T14:36:02.444Z INFO devtools: RESULT { 'element-6066-11e4-a52e-4f735466cecf': 'ELEMENT-3' }
2020-11-02T14:36:02.450Z INFO devtools: COMMAND elementClick("ELEMENT-3")
2020-11-02T14:36:02.457Z INFO devtools: RESULT null
2020-11-02T14:36:04.126Z INFO devtools: COMMAND findElement("xpath", "//*[@id="fhd"]/header/div[2]/div[4]/a/img")
2020-11-02T14:36:04.130Z INFO devtools: RESULT { 'element-6066-11e4-a52e-4f735466cecf': 'ELEMENT-4' }
2020-11-02T14:36:04.135Z INFO devtools: COMMAND getElementAttribute("ELEMENT-4", "title")
2020-11-02T14:36:04.137Z INFO devtools: RESULT Avatar
2020-11-02T14:36:04.140Z INFO devtools: COMMAND deleteSession()
2020-11-02T14:36:04.141Z INFO devtools: RESULT null
